<?xml version="1.0" encoding="UTF-8"?>
<!-- Generated by org.testng.reporters.JUnitReportReporter -->
<testsuite hostname="ITD-724" failures="0" tests="2" name="package_2.orange_test" time="37.377" errors="0" timestamp="2024-01-08T14:00:48 IST" skipped="0">
  <testcase classname="package_2.orange_test" name="orangelogotest" time="8.539"/>
  <testcase classname="package_2.orange_test" name="getFooterLinksTest" time="28.838"/>
</testsuite> <!-- package_2.orange_test -->
